<?xml version="1.0" encoding="UTF-8"?>
<!-- Generated by org.testng.reporters.JUnitReportReporter -->
<testsuite hostname="LAPTOP-BVSJPIJ1" failures="0" tests="3" name="come.TestNG.GoogleTestNG" time="20.229" errors="0" timestamp="2023-07-26T07:15:04 EDT" skipped="0">
  <testcase classname="come.TestNG.GoogleTestNG" name="gogleTitleTest" time="9.722"/>
  <testcase classname="come.TestNG.GoogleTestNG" name="googleTest" time="4.895"/>
  <testcase classname="come.TestNG.GoogleTestNG" name="mailLinkTest" time="5.612"/>
</testsuite> <!-- come.TestNG.GoogleTestNG -->
