<?xml version="1.0" encoding="UTF-8"?>
<!-- Generated by org.testng.reporters.JUnitReportReporter -->
<testsuite hostname="LAPTOP-BVSJPIJ1" failures="0" tests="3" name="come.TestNG.TestNGBasics" time="0.010" errors="0" timestamp="2023-07-25T21:39:49 EDT" skipped="0">
  <testcase classname="come.TestNG.TestNGBasics" name="searchTest" time="0.002"/>
  <testcase classname="come.TestNG.TestNGBasics" name="googleLoginTest" time="0.006"/>
  <testcase classname="come.TestNG.TestNGBasics" name="googleTitle" time="0.002"/>
</testsuite> <!-- come.TestNG.TestNGBasics -->
