<?xml version="1.0" encoding="UTF-8"?>
<!-- Generated by org.testng.reporters.JUnitReportReporter -->
<testsuite hostname="LAPTOP-BVSJPIJ1" failures="0" tests="2" name="com.automation.GoogleDemo.GropuExampleTestNG" time="0.045" errors="0" timestamp="2023-07-26T09:24:19 EDT" skipped="0">
  <testcase classname="com.automation.GoogleDemo.GropuExampleTestNG" name="longin3" time="0.005"/>
  <testcase classname="com.automation.GoogleDemo.GropuExampleTestNG" name="longin2" time="0.040"/>
</testsuite> <!-- com.automation.GoogleDemo.GropuExampleTestNG -->
