<?xml version="1.0" encoding="UTF-8"?>
<!-- Generated by org.testng.reporters.JUnitReportReporter -->
<testsuite hostname="LAPTOP-BVSJPIJ1" failures="0" tests="3" name="com.automation.GoogleDemo.PrirotyExapmples" time="0.043" errors="0" timestamp="2023-07-16T15:32:52 EDT" skipped="0">
  <testcase classname="com.automation.GoogleDemo.PrirotyExapmples" name="createShipment" time="0.032"/>
  <testcase classname="com.automation.GoogleDemo.PrirotyExapmples" name="trackingshipment" time="0.003"/>
  <testcase classname="com.automation.GoogleDemo.PrirotyExapmples" name="cancelShipment" time="0.008"/>
</testsuite> <!-- com.automation.GoogleDemo.PrirotyExapmples -->
