<?xml version="1.0" encoding="UTF-8"?>
<!-- Generated by org.testng.reporters.JUnitReportReporter -->
<testsuite hostname="LAPTOP-BVSJPIJ1" failures="0" tests="1" name="com.automation.GoogleDemo.GoogleTestNG" time="16.990" errors="0" timestamp="2023-07-13T09:23:15 EDT" skipped="0">
  <testcase classname="com.automation.GoogleDemo.GoogleTestNG" name="testGoogle" time="16.990"/>
</testsuite> <!-- com.automation.GoogleDemo.GoogleTestNG -->
