<?xml version="1.0" encoding="UTF-8"?>
<!-- Generated by org.testng.reporters.JUnitReportReporter -->
<testsuite hostname="LAPTOP-BVSJPIJ1" failures="0" tests="1" name="Test.HomePageTest" time="18.623" errors="0" timestamp="2023-08-23T09:07:53 EDT" skipped="0">
  <testcase classname="Test.HomePageTest" name="search" time="18.623"/>
</testsuite> <!-- Test.HomePageTest -->
