<?xml version="1.0" encoding="UTF-8"?>
<!-- Generated by org.testng.reporters.JUnitReportReporter -->
<testsuite hostname="LAPTOP-BVSJPIJ1" failures="0" tests="7" name="com.automation.GoogleDemo.TextNGExample" time="0.032" errors="0" timestamp="2023-07-14T09:54:32 EDT" skipped="0">
  <testcase classname="com.automation.GoogleDemo.TextNGExample" name="dependMethod" time="0.003"/>
  <testcase classname="com.automation.GoogleDemo.TextNGExample" name="stop" time="0.004"/>
  <testcase classname="com.automation.GoogleDemo.TextNGExample" name="beforeMethod" time="0.002"/>
  <testcase classname="com.automation.GoogleDemo.TextNGExample" name="enabledTest2" time="0.005"/>
  <testcase classname="com.automation.GoogleDemo.TextNGExample" name="afterMethod" time="0.013"/>
  <testcase classname="com.automation.GoogleDemo.TextNGExample" name="enabledTest" time="0.003"/>
  <testcase classname="com.automation.GoogleDemo.TextNGExample" name="run" time="0.002"/>
</testsuite> <!-- com.automation.GoogleDemo.TextNGExample -->
