<?xml version="1.0" encoding="UTF-8"?>
<!-- Generated by org.testng.reporters.JUnitReportReporter -->
<testsuite hostname="LAPTOP-BVSJPIJ1" failures="0" tests="1" name="com.automation.GoogleDemo.BeforeAfterTextNG" time="0.007" errors="0" timestamp="2023-07-16T20:09:27 EDT" skipped="0">
  <testcase classname="com.automation.GoogleDemo.BeforeAfterTextNG" name="bloginTest" time="0.007"/>
</testsuite> <!-- com.automation.GoogleDemo.BeforeAfterTextNG -->
