<?xml version="1.0" encoding="UTF-8"?>
<!-- Generated by org.testng.reporters.JUnitReportReporter -->
<testsuite hostname="LAPTOP-BVSJPIJ1" failures="0" tests="6" name="com.automation.GoogleDemo.GoogleExampleInTestNG" time="0.036" errors="0" timestamp="2023-07-16T18:16:11 EDT" skipped="0">
  <testcase classname="com.automation.GoogleDemo.GoogleExampleInTestNG" name="test5" time="0.003"/>
  <testcase classname="com.automation.GoogleDemo.GoogleExampleInTestNG" name="test4" time="0.005"/>
  <testcase classname="com.automation.GoogleDemo.GoogleExampleInTestNG" name="test6" time="0.004"/>
  <testcase classname="com.automation.GoogleDemo.GoogleExampleInTestNG" name="test2" time="0.006"/>
  <testcase classname="com.automation.GoogleDemo.GoogleExampleInTestNG" name="test1" time="0.011"/>
  <testcase classname="com.automation.GoogleDemo.GoogleExampleInTestNG" name="test3" time="0.007"/>
</testsuite> <!-- com.automation.GoogleDemo.GoogleExampleInTestNG -->
