<?xml version="1.0" encoding="UTF-8"?>
<!-- Generated by org.testng.reporters.JUnitReportReporter -->
<testsuite hostname="LAPTOP-BVSJPIJ1" failures="0" tests="1" name="com.automation.GoogleDemo.PracticeTestNG" time="0.016" errors="0" timestamp="2023-07-13T09:22:19 EDT" skipped="0">
  <testcase classname="com.automation.GoogleDemo.PracticeTestNG" name="sign" time="0.016"/>
</testsuite> <!-- com.automation.GoogleDemo.PracticeTestNG -->
