<?xml version="1.0" encoding="UTF-8"?>
<!-- Generated by org.testng.reporters.JUnitReportReporter -->
<testsuite hostname="LAPTOP-BVSJPIJ1" failures="0" tests="2" name="com.automation.GoogleDemo.GroupsExampleInTestNG" time="0.011" errors="0" timestamp="2023-07-16T19:15:39 EDT" skipped="0">
  <testcase classname="com.automation.GoogleDemo.GroupsExampleInTestNG" name="test2" time="0.009"/>
  <testcase classname="com.automation.GoogleDemo.GroupsExampleInTestNG" name="test4" time="0.002"/>
</testsuite> <!-- com.automation.GoogleDemo.GroupsExampleInTestNG -->
