<?xml version="1.0" encoding="UTF-8"?>
<!-- Generated by org.testng.reporters.JUnitReportReporter -->
<testsuite hostname="LAPTOP-BVSJPIJ1" failures="0" tests="2" name="com.automation.GoogleDemo.BeforeAfterMethodTestNG" time="0.015" errors="0" timestamp="2023-07-18T06:58:02 EDT" skipped="0">
  <testcase classname="com.automation.GoogleDemo.BeforeAfterMethodTestNG" name="blogoutTest" time="0.012"/>
  <testcase classname="com.automation.GoogleDemo.BeforeAfterMethodTestNG" name="bloginTest" time="0.003"/>
</testsuite> <!-- com.automation.GoogleDemo.BeforeAfterMethodTestNG -->
